<?xml version="1.0" encoding="UTF-8"?>
<!-- Generated by org.testng.reporters.JUnitXMLReporter -->
<testsuite ignored="0" hostname="LAPTOP-0F1VP0S4" failures="0" tests="5" name="Default test" time="88.026" errors="0" timestamp="2024-02-27T22:51:12 MST">
  <testcase classname="webStuarantTest.SearchItemAddCartTest" name="goToPage" time="4.16"/>
  <testcase classname="webStuarantTest.SearchItemAddCartTest" name="searchTheResult" time="5.205"/>
  <testcase classname="webStuarantTest.SearchItemAddCartTest" name="checkTheTitle" time="72.364"/>
  <testcase classname="webStuarantTest.SearchItemAddCartTest" name="addToTheCart" time="5.319"/>
  <testcase classname="webStuarantTest.SearchItemAddCartTest" name="emptyTheCart" time="0.644"/>
</testsuite> <!-- Default test -->
