<?xml version="1.0" encoding="UTF-8"?>
<!-- Generated by org.testng.reporters.JUnitXMLReporter -->
<testsuite ignored="0" hostname="LAPTOP-0F1VP0S4" failures="0" tests="5" name="Default test" time="78.921" errors="0" timestamp="2024-02-27T22:05:38 MST">
  <testcase classname="webStuarantTest.Testing" name="goToPage" time="5.686"/>
  <testcase classname="webStuarantTest.Testing" name="searchTheResult" time="3.453"/>
  <testcase classname="webStuarantTest.Testing" name="checkTheTitle" time="65.812"/>
  <testcase classname="webStuarantTest.Testing" name="addToTheCart" time="3.169"/>
  <testcase classname="webStuarantTest.Testing" name="emptyTheCart" time="0.754"/>
</testsuite> <!-- Default test -->
