<?xml version="1.0" encoding="UTF-8"?>
<testng-results ignored="0" total="5" passed="5" failed="0" skipped="0">
  <reporter-output>
  </reporter-output>
  <suite started-at="2024-02-27T22:04:19 MST" name="Default suite" finished-at="2024-02-27T22:05:38 MST" duration-ms="78921">
    <groups>
    </groups>
    <test started-at="2024-02-27T22:04:19 MST" name="Default test" finished-at="2024-02-27T22:05:38 MST" duration-ms="78921">
      <class name="webStuarantTest.Testing">
        <test-method signature="goToPage()[pri:1, instance:webStuarantTest.Testing@81d9a72]" started-at="2024-02-27T22:04:19 MST" name="goToPage" finished-at="2024-02-27T22:04:25 MST" duration-ms="5686" status="PASS">
          <reporter-output>
          </reporter-output>
        </test-method> <!-- goToPage -->
        <test-method signature="searchTheResult()[pri:2, instance:webStuarantTest.Testing@81d9a72]" started-at="2024-02-27T22:04:25 MST" name="searchTheResult" finished-at="2024-02-27T22:04:28 MST" duration-ms="3453" status="PASS">
          <reporter-output>
          </reporter-output>
        </test-method> <!-- searchTheResult -->
        <test-method signature="checkTheTitle()[pri:3, instance:webStuarantTest.Testing@81d9a72]" started-at="2024-02-27T22:04:28 MST" name="checkTheTitle" finished-at="2024-02-27T22:05:34 MST" duration-ms="65812" status="PASS">
          <reporter-output>
          </reporter-output>
        </test-method> <!-- checkTheTitle -->
        <test-method signature="addToTheCart()[pri:4, instance:webStuarantTest.Testing@81d9a72]" started-at="2024-02-27T22:05:34 MST" name="addToTheCart" finished-at="2024-02-27T22:05:37 MST" duration-ms="3169" status="PASS">
          <reporter-output>
          </reporter-output>
        </test-method> <!-- addToTheCart -->
        <test-method signature="emptyTheCart()[pri:5, instance:webStuarantTest.Testing@81d9a72]" started-at="2024-02-27T22:05:37 MST" name="emptyTheCart" finished-at="2024-02-27T22:05:38 MST" duration-ms="754" status="PASS">
          <reporter-output>
          </reporter-output>
        </test-method> <!-- emptyTheCart -->
      </class> <!-- webStuarantTest.Testing -->
    </test> <!-- Default test -->
  </suite> <!-- Default suite -->
</testng-results>
